/home/ec2-user/linux_hw3:
합계 44
-rw-rw-r-- 1 ec2-user ec2-user 841  4월  3 04:26 exec.txt
-rw-rw-r-- 1 ec2-user ec2-user 841  4월  3 04:26 exec2.txt
-rw-rw-r-- 1 ec2-user ec2-user 841  4월  3 04:26 exec3.txt
-rw-rw-r-- 1 ec2-user ec2-user 212  4월  3 04:26 hw3-1
-rw-rw-r-- 1 ec2-user ec2-user 248  4월  3 04:27 hw3-2
-rw-rw-r-- 1 ec2-user ec2-user 170  4월  3 04:27 hw3-3
-rw-rw-r-- 1 ec2-user ec2-user 316  4월 17 13:04 hw6-1
-rw-rw-r-- 1 ec2-user ec2-user 136  4월 17 13:07 hw6-2
-rw-rw-r-- 1 ec2-user ec2-user   0  4월 17 13:04 hw6.out
-rw-rw-r-- 1 ec2-user ec2-user  65  4월  3 04:25 limits.h
-rw-rw-r-- 1 ec2-user ec2-user 215  4월  3 04:25 str.h
drwxrwxr-x 2 ec2-user ec2-user  19  4월  3 04:27 temp
-rw-rw-r-- 1 ec2-user ec2-user 841  4월  3 04:26 test.txt

/home/ec2-user/linux_hw3/temp:
합계 4
-rw-rw-r-- 1 ec2-user ec2-user 841  4월  3 04:25 str.c

/home/ec2-user/linux_hw4:
합계 64
-rw-rw-r-- 1 ec2-user ec2-user  841  4월  6 06:54 exec.txt
-rwxr-x--x 1 ec2-user ec2-user  841  4월  6 06:54 exec2.txt
-rwxr-x--x 1 ec2-user ec2-user  841  4월  6 06:54 exec3.txt
-rwxr----- 2 ec2-user ec2-user  126  4월  6 07:27 file.txt
-rwxr----- 2 ec2-user ec2-user  126  4월  6 07:27 file_hardlink.txt
lrwxrwxrwx 1 ec2-user ec2-user    8  4월  6 07:46 file_symlink.txt -> file.txt
-rw-rw-r-- 1 ec2-user ec2-user  212  4월  6 06:54 hw3-1
-rw-rw-r-- 1 ec2-user ec2-user  248  4월  6 06:54 hw3-2
-rw-rw-r-- 1 ec2-user ec2-user  170  4월  6 06:54 hw3-3
-rw-rw-r-- 1 ec2-user ec2-user  444  4월  6 06:54 hw4-1
-rw-rw-r-- 1 ec2-user ec2-user 1039  4월  6 06:59 hw4-2
-rw-rw-r-- 1 ec2-user ec2-user  450  4월  6 06:56 hw4-3
-rw-rw-r-- 1 ec2-user ec2-user  362  4월  6 06:59 hw4-4
-rw-rw-r-- 1 ec2-user ec2-user 2440  4월  6 07:51 hw5-1
-rw-rw-r-- 1 ec2-user ec2-user   65  4월  6 06:54 limits.h
-rw-rw-r-- 1 ec2-user ec2-user  215  4월  6 06:54 str.h
drwxrwxr-x 2 ec2-user ec2-user   19  4월  6 06:54 temp
d--------- 2 ec2-user ec2-user    6  4월  6 07:44 temp2
-rw-rw-r-- 1 ec2-user ec2-user  841  4월  6 06:54 test.txt

/home/ec2-user/linux_hw4/temp:
합계 4
-rw-rw-r-- 1 ec2-user ec2-user 841  4월  6 06:54 str.c
