|-------------------|
|16進|10進| 8進|文字|
|-------------------|
|  20|  32|  40|    |
|  21|  33|  41|   !|
|  22|  34|  42|   "|
|  23|  35|  43|   #|
|  24|  36|  44|   $|
|  25|  37|  45|   %|
|  26|  38|  46|   &|
|  27|  39|  47|   '|
|  28|  40|  50|   (|
|  29|  41|  51|   )|
|  2a|  42|  52|   *|
|  2b|  43|  53|   +|
|  2c|  44|  54|   ,|
|  2d|  45|  55|   -|
|  2e|  46|  56|   .|
|  2f|  47|  57|   /|
|  30|  48|  60|   0|
|  31|  49|  61|   1|
|  32|  50|  62|   2|
|  33|  51|  63|   3|
|  34|  52|  64|   4|
|  35|  53|  65|   5|
|  36|  54|  66|   6|
|  37|  55|  67|   7|
|  38|  56|  70|   8|
|  39|  57|  71|   9|
|  3a|  58|  72|   :|
|  3b|  59|  73|   ;|
|  3c|  60|  74|   <|
|  3d|  61|  75|   =|
|  3e|  62|  76|   >|
|  3f|  63|  77|   ?|
|-------------------|
